2018-11-05 01:20:02	SERVER -> CLIENT: 220 smtp.gmail.com ESMTP k129sm6858216pgk.29 - gsmtp
2018-11-05 01:20:02	CLIENT -> SERVER: EHLO z1
2018-11-05 01:20:03	SERVER -> CLIENT: 250-smtp.gmail.com at your service, [118.221.137.114]
                   	                  250-SIZE 35882577
                   	                  250-8BITMIME
                   	                  250-STARTTLS
                   	                  250-ENHANCEDSTATUSCODES
                   	                  250-PIPELINING
                   	                  250-CHUNKING
                   	                  250 SMTPUTF8
2018-11-05 01:20:03	CLIENT -> SERVER: STARTTLS
2018-11-05 01:20:03	SERVER -> CLIENT: 220 2.0.0 Ready to start TLS
2018-11-05 01:20:03	CLIENT -> SERVER: EHLO z1
2018-11-05 01:20:03	SERVER -> CLIENT: 250-smtp.gmail.com at your service, [118.221.137.114]
                   	                  250-SIZE 35882577
                   	                  250-8BITMIME
                   	                  250-AUTH LOGIN PLAIN XOAUTH2 PLAIN-CLIENTTOKEN OAUTHBEARER XOAUTH
                   	                  250-ENHANCEDSTATUSCODES
                   	                  250-PIPELINING
                   	                  250-CHUNKING
                   	                  250 SMTPUTF8
2018-11-05 01:20:03	CLIENT -> SERVER: AUTH LOGIN
2018-11-05 01:20:03	SERVER -> CLIENT: 334 VXNlcm5hbWU6
2018-11-05 01:20:03	CLIENT -> SERVER: <credentials hidden>
2018-11-05 01:20:03	SERVER -> CLIENT: 334 UGFzc3dvcmQ6
2018-11-05 01:20:03	CLIENT -> SERVER: <credentials hidden>
2018-11-05 01:20:04	SERVER -> CLIENT: 235 2.7.0 Accepted
2018-11-05 01:20:04	CLIENT -> SERVER: MAIL FROM:<6ave54street@gmail.com>
2018-11-05 01:20:04	SERVER -> CLIENT: 250 2.1.0 OK k129sm6858216pgk.29 - gsmtp
2018-11-05 01:20:04	CLIENT -> SERVER: RCPT TO:<At54Street@Gmail.com>
2018-11-05 01:20:05	SERVER -> CLIENT: 250 2.1.5 OK k129sm6858216pgk.29 - gsmtp
2018-11-05 01:20:05	CLIENT -> SERVER: RCPT TO:<6ave54street@gmail.com>
2018-11-05 01:20:05	SERVER -> CLIENT: 250 2.1.5 OK k129sm6858216pgk.29 - gsmtp
2018-11-05 01:20:05	CLIENT -> SERVER: RCPT TO:<nice9uy@hotmail.com>
2018-11-05 01:20:05	SERVER -> CLIENT: 250 2.1.5 OK k129sm6858216pgk.29 - gsmtp
2018-11-05 01:20:05	CLIENT -> SERVER: DATA
2018-11-05 01:20:07	SERVER -> CLIENT: 354  Go ahead k129sm6858216pgk.29 - gsmtp
2018-11-05 01:20:07	CLIENT -> SERVER: Date: Mon, 5 Nov 2018 10:20:02 +0900
2018-11-05 01:20:07	CLIENT -> SERVER: To: At54Street@Gmail.com
2018-11-05 01:20:07	CLIENT -> SERVER: From: 6ave54street@gmail.com
2018-11-05 01:20:07	CLIENT -> SERVER: Cc: 6ave54street@gmail.com
2018-11-05 01:20:07	CLIENT -> SERVER: Subject: z1-z1(10:20:02am)
2018-11-05 01:20:07	CLIENT -> SERVER: Message-ID: <iFuMthLR3rCSRG6UqqB90gmEcxKNTS0K1CtrPopxtc@z1>
2018-11-05 01:20:07	CLIENT -> SERVER: X-Mailer: PHPMailer 6.0.5 (https://github.com/PHPMailer/PHPMailer)
2018-11-05 01:20:07	CLIENT -> SERVER: MIME-Version: 1.0
2018-11-05 01:20:07	CLIENT -> SERVER: Content-Type: text/html; charset=UTF-8
2018-11-05 01:20:07	CLIENT -> SERVER: Content-Transfer-Encoding: base64
2018-11-05 01:20:07	CLIENT -> SERVER:
2018-11-05 01:20:07	CLIENT -> SERVER: MTgvMTEvMDUsIDEwOjIwOjAyYW08YnI+PGJyPiAtIHoxIDxicj5lbnhiODI3ZWJiNjljNDQ6IGZs
2018-11-05 01:20:07	CLIENT -> SERVER: YWdzPTQxNjM8VVAsQlJPQURDQVNULFJVTk5JTkcsTVVMVElDQVNUPiAgbXR1IDE1MDA8YnIgLz4K
2018-11-05 01:20:07	CLIENT -> SERVER: ICAgICAgICBpbmV0IDE5Mi4xNjguMzUuMjQ1ICBuZXRtYXNrIDI1NS4yNTUuMjU1LjAgIGJyb2Fk
2018-11-05 01:20:07	CLIENT -> SERVER: Y2FzdCAxOTIuMTY4LjM1LjI1NTxiciAvPgogICAgICAgIGluZXQ2IGZlODA6OjRiM2Y6Mjg2Njph
2018-11-05 01:20:07	CLIENT -> SERVER: ODEzOjk4MjMgIHByZWZpeGxlbiA2NCAgc2NvcGVpZCAweDIwPGxpbms+PGJyIC8+CiAgICAgICAg
2018-11-05 01:20:07	CLIENT -> SERVER: ZXRoZXIgYjg6Mjc6ZWI6YjY6OWM6NDQgIHR4cXVldWVsZW4gMTAwMCAgKEV0aGVybmV0KTxiciAv
2018-11-05 01:20:07	CLIENT -> SERVER: PgogICAgICAgIFJYIHBhY2tldHMgNTcxMjIzICBieXRlcyAxNDc0NjA5OTUgKDE0MC42IE1pQik8
2018-11-05 01:20:07	CLIENT -> SERVER: YnIgLz4KICAgICAgICBSWCBlcnJvcnMgMCAgZHJvcHBlZCAxMTUzNTQgIG92ZXJydW5zIDAgIGZy
2018-11-05 01:20:07	CLIENT -> SERVER: YW1lIDA8YnIgLz4KICAgICAgICBUWCBwYWNrZXRzIDQwNTMwNiAgYnl0ZXMgODU2ODg4MzMgKDgx
2018-11-05 01:20:07	CLIENT -> SERVER: LjcgTWlCKTxiciAvPgogICAgICAgIFRYIGVycm9ycyAwICBkcm9wcGVkIDAgb3ZlcnJ1bnMgMCAg
2018-11-05 01:20:07	CLIENT -> SERVER: Y2FycmllciAwICBjb2xsaXNpb25zIDA8YnIgLz4KPGJyIC8+CmxvOiBmbGFncz03MzxVUCxMT09Q
2018-11-05 01:20:07	CLIENT -> SERVER: QkFDSyxSVU5OSU5HPiAgbXR1IDY1NTM2PGJyIC8+CiAgICAgICAgaW5ldCAxMjcuMC4wLjEgIG5l
2018-11-05 01:20:07	CLIENT -> SERVER: dG1hc2sgMjU1LjAuMC4wPGJyIC8+CiAgICAgICAgaW5ldDYgOjoxICBwcmVmaXhsZW4gMTI4ICBz
2018-11-05 01:20:07	CLIENT -> SERVER: Y29wZWlkIDB4MTA8aG9zdD48YnIgLz4KICAgICAgICBsb29wICB0eHF1ZXVlbGVuIDEwMDAgIChM
2018-11-05 01:20:07	CLIENT -> SERVER: b2NhbCBMb29wYmFjayk8YnIgLz4KICAgICAgICBSWCBwYWNrZXRzIDEyODgzNiAgYnl0ZXMgMTAy
2018-11-05 01:20:07	CLIENT -> SERVER: OTE0MTc5ICg5OC4xIE1pQik8YnIgLz4KICAgICAgICBSWCBlcnJvcnMgMCAgZHJvcHBlZCAwICBv
2018-11-05 01:20:07	CLIENT -> SERVER: dmVycnVucyAwICBmcmFtZSAwPGJyIC8+CiAgICAgICAgVFggcGFja2V0cyAxMjg4MzYgIGJ5dGVz
2018-11-05 01:20:07	CLIENT -> SERVER: IDEwMjkxNDE3OSAoOTguMSBNaUIpPGJyIC8+CiAgICAgICAgVFggZXJyb3JzIDAgIGRyb3BwZWQg
2018-11-05 01:20:07	CLIENT -> SERVER: MCBvdmVycnVucyAwICBjYXJyaWVyIDAgIGNvbGxpc2lvbnMgMDxiciAvPgo8YnIgLz4Kd2xhbjA6
2018-11-05 01:20:07	CLIENT -> SERVER: IGZsYWdzPTQwOTk8VVAsQlJPQURDQVNULE1VTFRJQ0FTVD4gIG10dSAxNTAwPGJyIC8+CiAgICAg
2018-11-05 01:20:07	CLIENT -> SERVER: ICAgZXRoZXIgYjg6Mjc6ZWI6ZTM6Yzk6MTEgIHR4cXVldWVsZW4gMTAwMCAgKEV0aGVybmV0KTxi
2018-11-05 01:20:07	CLIENT -> SERVER: ciAvPgogICAgICAgIFJYIHBhY2tldHMgMzUgIGJ5dGVzIDM1MTkgKDMuNCBLaUIpPGJyIC8+CiAg
2018-11-05 01:20:07	CLIENT -> SERVER: ICAgICAgUlggZXJyb3JzIDAgIGRyb3BwZWQgMCAgb3ZlcnJ1bnMgMCAgZnJhbWUgMDxiciAvPgog
2018-11-05 01:20:07	CLIENT -> SERVER: ICAgICAgIFRYIHBhY2tldHMgNDcgIGJ5dGVzIDY4MjMgKDYuNiBLaUIpPGJyIC8+CiAgICAgICAg
2018-11-05 01:20:07	CLIENT -> SERVER: VFggZXJyb3JzIDAgIGRyb3BwZWQgMCBvdmVycnVucyAwICBjYXJyaWVyIDAgIGNvbGxpc2lvbnMg
2018-11-05 01:20:07	CLIENT -> SERVER: MDxiciAvPgo8YnIgLz4K
2018-11-05 01:20:07	CLIENT -> SERVER:
2018-11-05 01:20:07	CLIENT -> SERVER: .
2018-11-05 01:20:08	SERVER -> CLIENT: 250 2.0.0 OK 1541380808 k129sm6858216pgk.29 - gsmtp
2018-11-05 01:20:08	CLIENT -> SERVER: QUIT
2018-11-05 01:20:09	SERVER -> CLIENT: 221 2.0.0 closing connection k129sm6858216pgk.29 - gsmtp
2018-11-05 01:30:01	SERVER -> CLIENT: 220 smtp.gmail.com ESMTP 188-v6sm23072476pfy.87 - gsmtp
2018-11-05 01:30:01	CLIENT -> SERVER: EHLO z1
2018-11-05 01:30:02	SERVER -> CLIENT: 250-smtp.gmail.com at your service, [118.221.137.114]
                   	                  250-SIZE 35882577
                   	                  250-8BITMIME
                   	                  250-STARTTLS
                   	                  250-ENHANCEDSTATUSCODES
                   	                  250-PIPELINING
                   	                  250-CHUNKING
                   	                  250 SMTPUTF8
2018-11-05 01:30:02	CLIENT -> SERVER: STARTTLS
2018-11-05 01:30:02	SERVER -> CLIENT: 220 2.0.0 Ready to start TLS
2018-11-05 01:30:02	CLIENT -> SERVER: EHLO z1
2018-11-05 01:30:02	SERVER -> CLIENT: 250-smtp.gmail.com at your service, [118.221.137.114]
                   	                  250-SIZE 35882577
                   	                  250-8BITMIME
                   	                  250-AUTH LOGIN PLAIN XOAUTH2 PLAIN-CLIENTTOKEN OAUTHBEARER XOAUTH
                   	                  250-ENHANCEDSTATUSCODES
                   	                  250-PIPELINING
                   	                  250-CHUNKING
                   	                  250 SMTPUTF8
2018-11-05 01:30:02	CLIENT -> SERVER: AUTH LOGIN
2018-11-05 01:30:02	SERVER -> CLIENT: 334 VXNlcm5hbWU6
2018-11-05 01:30:02	CLIENT -> SERVER: <credentials hidden>
2018-11-05 01:30:02	SERVER -> CLIENT: 334 UGFzc3dvcmQ6
2018-11-05 01:30:02	CLIENT -> SERVER: <credentials hidden>
2018-11-05 01:30:03	SERVER -> CLIENT: 235 2.7.0 Accepted
2018-11-05 01:30:03	CLIENT -> SERVER: MAIL FROM:<6ave54street@gmail.com>
2018-11-05 01:30:03	SERVER -> CLIENT: 250 2.1.0 OK 188-v6sm23072476pfy.87 - gsmtp
2018-11-05 01:30:03	CLIENT -> SERVER: RCPT TO:<At54Street@Gmail.com>
2018-11-05 01:30:03	SERVER -> CLIENT: 250 2.1.5 OK 188-v6sm23072476pfy.87 - gsmtp
2018-11-05 01:30:03	CLIENT -> SERVER: RCPT TO:<6ave54street@gmail.com>
2018-11-05 01:30:04	SERVER -> CLIENT: 250 2.1.5 OK 188-v6sm23072476pfy.87 - gsmtp
2018-11-05 01:30:04	CLIENT -> SERVER: RCPT TO:<nice9uy@hotmail.com>
2018-11-05 01:30:04	SERVER -> CLIENT: 250 2.1.5 OK 188-v6sm23072476pfy.87 - gsmtp
2018-11-05 01:30:04	CLIENT -> SERVER: DATA
2018-11-05 01:30:04	SERVER -> CLIENT: 354  Go ahead 188-v6sm23072476pfy.87 - gsmtp
2018-11-05 01:30:04	CLIENT -> SERVER: Date: Mon, 5 Nov 2018 10:30:01 +0900
2018-11-05 01:30:04	CLIENT -> SERVER: To: At54Street@Gmail.com
2018-11-05 01:30:04	CLIENT -> SERVER: From: 6ave54street@gmail.com
2018-11-05 01:30:04	CLIENT -> SERVER: Cc: 6ave54street@gmail.com
2018-11-05 01:30:04	CLIENT -> SERVER: Subject: z1-z1(10:30:01am)
2018-11-05 01:30:04	CLIENT -> SERVER: Message-ID: <MiY6zPw1oM8L7PT9oQ41rNkpjN3RukLxJ5zZzBCHA@z1>
2018-11-05 01:30:04	CLIENT -> SERVER: X-Mailer: PHPMailer 6.0.5 (https://github.com/PHPMailer/PHPMailer)
2018-11-05 01:30:04	CLIENT -> SERVER: MIME-Version: 1.0
2018-11-05 01:30:04	CLIENT -> SERVER: Content-Type: text/html; charset=UTF-8
2018-11-05 01:30:04	CLIENT -> SERVER: Content-Transfer-Encoding: base64
2018-11-05 01:30:04	CLIENT -> SERVER:
2018-11-05 01:30:04	CLIENT -> SERVER: MTgvMTEvMDUsIDEwOjMwOjAxYW08YnI+PGJyPiAtIHoxIDxicj5lbnhiODI3ZWJiNjljNDQ6IGZs
2018-11-05 01:30:04	CLIENT -> SERVER: YWdzPTQxNjM8VVAsQlJPQURDQVNULFJVTk5JTkcsTVVMVElDQVNUPiAgbXR1IDE1MDA8YnIgLz4K
2018-11-05 01:30:04	CLIENT -> SERVER: ICAgICAgICBpbmV0IDE5Mi4xNjguMzUuMjQ1ICBuZXRtYXNrIDI1NS4yNTUuMjU1LjAgIGJyb2Fk
2018-11-05 01:30:04	CLIENT -> SERVER: Y2FzdCAxOTIuMTY4LjM1LjI1NTxiciAvPgogICAgICAgIGluZXQ2IGZlODA6OjRiM2Y6Mjg2Njph
2018-11-05 01:30:04	CLIENT -> SERVER: ODEzOjk4MjMgIHByZWZpeGxlbiA2NCAgc2NvcGVpZCAweDIwPGxpbms+PGJyIC8+CiAgICAgICAg
2018-11-05 01:30:04	CLIENT -> SERVER: ZXRoZXIgYjg6Mjc6ZWI6YjY6OWM6NDQgIHR4cXVldWVsZW4gMTAwMCAgKEV0aGVybmV0KTxiciAv
2018-11-05 01:30:04	CLIENT -> SERVER: PgogICAgICAgIFJYIHBhY2tldHMgNTczNjEzICBieXRlcyAxNDc3MTg3NDMgKDE0MC44IE1pQik8
2018-11-05 01:30:04	CLIENT -> SERVER: YnIgLz4KICAgICAgICBSWCBlcnJvcnMgMCAgZHJvcHBlZCAxMTU2NjggIG92ZXJydW5zIDAgIGZy
2018-11-05 01:30:04	CLIENT -> SERVER: YW1lIDA8YnIgLz4KICAgICAgICBUWCBwYWNrZXRzIDQwNzQ0NCAgYnl0ZXMgODYwODU0NTYgKDgy
2018-11-05 01:30:04	CLIENT -> SERVER: LjAgTWlCKTxiciAvPgogICAgICAgIFRYIGVycm9ycyAwICBkcm9wcGVkIDAgb3ZlcnJ1bnMgMCAg
2018-11-05 01:30:04	CLIENT -> SERVER: Y2FycmllciAwICBjb2xsaXNpb25zIDA8YnIgLz4KPGJyIC8+CmxvOiBmbGFncz03MzxVUCxMT09Q
2018-11-05 01:30:04	CLIENT -> SERVER: QkFDSyxSVU5OSU5HPiAgbXR1IDY1NTM2PGJyIC8+CiAgICAgICAgaW5ldCAxMjcuMC4wLjEgIG5l
2018-11-05 01:30:04	CLIENT -> SERVER: dG1hc2sgMjU1LjAuMC4wPGJyIC8+CiAgICAgICAgaW5ldDYgOjoxICBwcmVmaXhsZW4gMTI4ICBz
2018-11-05 01:30:04	CLIENT -> SERVER: Y29wZWlkIDB4MTA8aG9zdD48YnIgLz4KICAgICAgICBsb29wICB0eHF1ZXVlbGVuIDEwMDAgIChM
2018-11-05 01:30:04	CLIENT -> SERVER: b2NhbCBMb29wYmFjayk8YnIgLz4KICAgICAgICBSWCBwYWNrZXRzIDEyODkzNiAgYnl0ZXMgMTAy
2018-11-05 01:30:04	CLIENT -> SERVER: OTM2NTkwICg5OC4xIE1pQik8YnIgLz4KICAgICAgICBSWCBlcnJvcnMgMCAgZHJvcHBlZCAwICBv
2018-11-05 01:30:04	CLIENT -> SERVER: dmVycnVucyAwICBmcmFtZSAwPGJyIC8+CiAgICAgICAgVFggcGFja2V0cyAxMjg5MzYgIGJ5dGVz
2018-11-05 01:30:04	CLIENT -> SERVER: IDEwMjkzNjU5MCAoOTguMSBNaUIpPGJyIC8+CiAgICAgICAgVFggZXJyb3JzIDAgIGRyb3BwZWQg
2018-11-05 01:30:04	CLIENT -> SERVER: MCBvdmVycnVucyAwICBjYXJyaWVyIDAgIGNvbGxpc2lvbnMgMDxiciAvPgo8YnIgLz4Kd2xhbjA6
2018-11-05 01:30:04	CLIENT -> SERVER: IGZsYWdzPTQwOTk8VVAsQlJPQURDQVNULE1VTFRJQ0FTVD4gIG10dSAxNTAwPGJyIC8+CiAgICAg
2018-11-05 01:30:04	CLIENT -> SERVER: ICAgZXRoZXIgYjg6Mjc6ZWI6ZTM6Yzk6MTEgIHR4cXVldWVsZW4gMTAwMCAgKEV0aGVybmV0KTxi
2018-11-05 01:30:04	CLIENT -> SERVER: ciAvPgogICAgICAgIFJYIHBhY2tldHMgMzUgIGJ5dGVzIDM1MTkgKDMuNCBLaUIpPGJyIC8+CiAg
2018-11-05 01:30:04	CLIENT -> SERVER: ICAgICAgUlggZXJyb3JzIDAgIGRyb3BwZWQgMCAgb3ZlcnJ1bnMgMCAgZnJhbWUgMDxiciAvPgog
2018-11-05 01:30:04	CLIENT -> SERVER: ICAgICAgIFRYIHBhY2tldHMgNDcgIGJ5dGVzIDY4MjMgKDYuNiBLaUIpPGJyIC8+CiAgICAgICAg
2018-11-05 01:30:04	CLIENT -> SERVER: VFggZXJyb3JzIDAgIGRyb3BwZWQgMCBvdmVycnVucyAwICBjYXJyaWVyIDAgIGNvbGxpc2lvbnMg
2018-11-05 01:30:04	CLIENT -> SERVER: MDxiciAvPgo8YnIgLz4K
2018-11-05 01:30:04	CLIENT -> SERVER:
2018-11-05 01:30:04	CLIENT -> SERVER: .
2018-11-05 01:30:06	SERVER -> CLIENT: 250 2.0.0 OK 1541381406 188-v6sm23072476pfy.87 - gsmtp
2018-11-05 01:30:06	CLIENT -> SERVER: QUIT
2018-11-05 01:30:06	SERVER -> CLIENT: 221 2.0.0 closing connection 188-v6sm23072476pfy.87 - gsmtp
2018-11-05 01:40:02	SERVER -> CLIENT: 220 smtp.gmail.com ESMTP u65-v6sm47540307pfb.144 - gsmtp
2018-11-05 01:40:02	CLIENT -> SERVER: EHLO z1
2018-11-05 01:40:02	SERVER -> CLIENT: 250-smtp.gmail.com at your service, [118.221.137.114]
                   	                  250-SIZE 35882577
                   	                  250-8BITMIME
                   	                  250-STARTTLS
                   	                  250-ENHANCEDSTATUSCODES
                   	                  250-PIPELINING
                   	                  250-CHUNKING
                   	                  250 SMTPUTF8
2018-11-05 01:40:02	CLIENT -> SERVER: STARTTLS
2018-11-05 01:40:02	SERVER -> CLIENT: 220 2.0.0 Ready to start TLS
2018-11-05 01:40:03	CLIENT -> SERVER: EHLO z1
2018-11-05 01:40:03	SERVER -> CLIENT: 250-smtp.gmail.com at your service, [118.221.137.114]
                   	                  250-SIZE 35882577
                   	                  250-8BITMIME
                   	                  250-AUTH LOGIN PLAIN XOAUTH2 PLAIN-CLIENTTOKEN OAUTHBEARER XOAUTH
                   	                  250-ENHANCEDSTATUSCODES
                   	                  250-PIPELINING
                   	                  250-CHUNKING
                   	                  250 SMTPUTF8
2018-11-05 01:40:03	CLIENT -> SERVER: AUTH LOGIN
2018-11-05 01:40:03	SERVER -> CLIENT: 334 VXNlcm5hbWU6
2018-11-05 01:40:03	CLIENT -> SERVER: <credentials hidden>
2018-11-05 01:40:03	SERVER -> CLIENT: 334 UGFzc3dvcmQ6
2018-11-05 01:40:03	CLIENT -> SERVER: <credentials hidden>
2018-11-05 01:40:04	SERVER -> CLIENT: 235 2.7.0 Accepted
2018-11-05 01:40:04	CLIENT -> SERVER: MAIL FROM:<6ave54street@gmail.com>
2018-11-05 01:40:04	SERVER -> CLIENT: 250 2.1.0 OK u65-v6sm47540307pfb.144 - gsmtp
2018-11-05 01:40:04	CLIENT -> SERVER: RCPT TO:<At54Street@Gmail.com>
2018-11-05 01:40:04	SERVER -> CLIENT: 250 2.1.5 OK u65-v6sm47540307pfb.144 - gsmtp
2018-11-05 01:40:04	CLIENT -> SERVER: RCPT TO:<6ave54street@gmail.com>
2018-11-05 01:40:04	SERVER -> CLIENT: 250 2.1.5 OK u65-v6sm47540307pfb.144 - gsmtp
2018-11-05 01:40:04	CLIENT -> SERVER: RCPT TO:<nice9uy@hotmail.com>
2018-11-05 01:40:05	SERVER -> CLIENT: 250 2.1.5 OK u65-v6sm47540307pfb.144 - gsmtp
2018-11-05 01:40:05	CLIENT -> SERVER: DATA
2018-11-05 01:40:05	SERVER -> CLIENT: 354  Go ahead u65-v6sm47540307pfb.144 - gsmtp
2018-11-05 01:40:05	CLIENT -> SERVER: Date: Mon, 5 Nov 2018 10:40:02 +0900
2018-11-05 01:40:05	CLIENT -> SERVER: To: At54Street@Gmail.com
2018-11-05 01:40:05	CLIENT -> SERVER: From: 6ave54street@gmail.com
2018-11-05 01:40:05	CLIENT -> SERVER: Cc: 6ave54street@gmail.com
2018-11-05 01:40:05	CLIENT -> SERVER: Subject: z1-z1(10:40:02am)
2018-11-05 01:40:05	CLIENT -> SERVER: Message-ID: <lV8fnKjPt3OAhkCHtG4tcZXev1iqvyBLHpJOZAdQ@z1>
2018-11-05 01:40:05	CLIENT -> SERVER: X-Mailer: PHPMailer 6.0.5 (https://github.com/PHPMailer/PHPMailer)
2018-11-05 01:40:05	CLIENT -> SERVER: MIME-Version: 1.0
2018-11-05 01:40:05	CLIENT -> SERVER: Content-Type: text/html; charset=UTF-8
2018-11-05 01:40:05	CLIENT -> SERVER: Content-Transfer-Encoding: base64
2018-11-05 01:40:05	CLIENT -> SERVER:
2018-11-05 01:40:05	CLIENT -> SERVER: MTgvMTEvMDUsIDEwOjQwOjAyYW08YnI+PGJyPiAtIHoxIDxicj5lbnhiODI3ZWJiNjljNDQ6IGZs
2018-11-05 01:40:05	CLIENT -> SERVER: YWdzPTQxNjM8VVAsQlJPQURDQVNULFJVTk5JTkcsTVVMVElDQVNUPiAgbXR1IDE1MDA8YnIgLz4K
2018-11-05 01:40:05	CLIENT -> SERVER: ICAgICAgICBpbmV0IDE5Mi4xNjguMzUuMjQ1ICBuZXRtYXNrIDI1NS4yNTUuMjU1LjAgIGJyb2Fk
2018-11-05 01:40:05	CLIENT -> SERVER: Y2FzdCAxOTIuMTY4LjM1LjI1NTxiciAvPgogICAgICAgIGluZXQ2IGZlODA6OjRiM2Y6Mjg2Njph
2018-11-05 01:40:05	CLIENT -> SERVER: ODEzOjk4MjMgIHByZWZpeGxlbiA2NCAgc2NvcGVpZCAweDIwPGxpbms+PGJyIC8+CiAgICAgICAg
2018-11-05 01:40:05	CLIENT -> SERVER: ZXRoZXIgYjg6Mjc6ZWI6YjY6OWM6NDQgIHR4cXVldWVsZW4gMTAwMCAgKEV0aGVybmV0KTxiciAv
2018-11-05 01:40:05	CLIENT -> SERVER: PgogICAgICAgIFJYIHBhY2tldHMgNTc1ODc1ICBieXRlcyAxNDc5ODMzMzYgKDE0MS4xIE1pQik8
2018-11-05 01:40:05	CLIENT -> SERVER: YnIgLz4KICAgICAgICBSWCBlcnJvcnMgMCAgZHJvcHBlZCAxMTU5ODMgIG92ZXJydW5zIDAgIGZy
2018-11-05 01:40:05	CLIENT -> SERVER: YW1lIDA8YnIgLz4KICAgICAgICBUWCBwYWNrZXRzIDQwOTQ5MyAgYnl0ZXMgODY0ODgyMTcgKDgy
2018-11-05 01:40:05	CLIENT -> SERVER: LjQgTWlCKTxiciAvPgogICAgICAgIFRYIGVycm9ycyAwICBkcm9wcGVkIDAgb3ZlcnJ1bnMgMCAg
2018-11-05 01:40:05	CLIENT -> SERVER: Y2FycmllciAwICBjb2xsaXNpb25zIDA8YnIgLz4KPGJyIC8+CmxvOiBmbGFncz03MzxVUCxMT09Q
2018-11-05 01:40:05	CLIENT -> SERVER: QkFDSyxSVU5OSU5HPiAgbXR1IDY1NTM2PGJyIC8+CiAgICAgICAgaW5ldCAxMjcuMC4wLjEgIG5l
2018-11-05 01:40:05	CLIENT -> SERVER: dG1hc2sgMjU1LjAuMC4wPGJyIC8+CiAgICAgICAgaW5ldDYgOjoxICBwcmVmaXhsZW4gMTI4ICBz
2018-11-05 01:40:05	CLIENT -> SERVER: Y29wZWlkIDB4MTA8aG9zdD48YnIgLz4KICAgICAgICBsb29wICB0eHF1ZXVlbGVuIDEwMDAgIChM
2018-11-05 01:40:05	CLIENT -> SERVER: b2NhbCBMb29wYmFjayk8YnIgLz4KICAgICAgICBSWCBwYWNrZXRzIDEyOTAzOCAgYnl0ZXMgMTAy
2018-11-05 01:40:05	CLIENT -> SERVER: OTYwNzIyICg5OC4xIE1pQik8YnIgLz4KICAgICAgICBSWCBlcnJvcnMgMCAgZHJvcHBlZCAwICBv
2018-11-05 01:40:05	CLIENT -> SERVER: dmVycnVucyAwICBmcmFtZSAwPGJyIC8+CiAgICAgICAgVFggcGFja2V0cyAxMjkwMzggIGJ5dGVz
2018-11-05 01:40:05	CLIENT -> SERVER: IDEwMjk2MDcyMiAoOTguMSBNaUIpPGJyIC8+CiAgICAgICAgVFggZXJyb3JzIDAgIGRyb3BwZWQg
2018-11-05 01:40:05	CLIENT -> SERVER: MCBvdmVycnVucyAwICBjYXJyaWVyIDAgIGNvbGxpc2lvbnMgMDxiciAvPgo8YnIgLz4Kd2xhbjA6
2018-11-05 01:40:05	CLIENT -> SERVER: IGZsYWdzPTQwOTk8VVAsQlJPQURDQVNULE1VTFRJQ0FTVD4gIG10dSAxNTAwPGJyIC8+CiAgICAg
2018-11-05 01:40:05	CLIENT -> SERVER: ICAgZXRoZXIgYjg6Mjc6ZWI6ZTM6Yzk6MTEgIHR4cXVldWVsZW4gMTAwMCAgKEV0aGVybmV0KTxi
2018-11-05 01:40:05	CLIENT -> SERVER: ciAvPgogICAgICAgIFJYIHBhY2tldHMgMzUgIGJ5dGVzIDM1MTkgKDMuNCBLaUIpPGJyIC8+CiAg
2018-11-05 01:40:05	CLIENT -> SERVER: ICAgICAgUlggZXJyb3JzIDAgIGRyb3BwZWQgMCAgb3ZlcnJ1bnMgMCAgZnJhbWUgMDxiciAvPgog
2018-11-05 01:40:05	CLIENT -> SERVER: ICAgICAgIFRYIHBhY2tldHMgNDcgIGJ5dGVzIDY4MjMgKDYuNiBLaUIpPGJyIC8+CiAgICAgICAg
2018-11-05 01:40:05	CLIENT -> SERVER: VFggZXJyb3JzIDAgIGRyb3BwZWQgMCBvdmVycnVucyAwICBjYXJyaWVyIDAgIGNvbGxpc2lvbnMg
2018-11-05 01:40:05	CLIENT -> SERVER: MDxiciAvPgo8YnIgLz4K
2018-11-05 01:40:05	CLIENT -> SERVER:
2018-11-05 01:40:05	CLIENT -> SERVER: .
2018-11-05 01:40:06	SERVER -> CLIENT: 250 2.0.0 OK 1541382006 u65-v6sm47540307pfb.144 - gsmtp
2018-11-05 01:40:06	CLIENT -> SERVER: QUIT
2018-11-05 01:40:06	SERVER -> CLIENT: 221 2.0.0 closing connection u65-v6sm47540307pfb.144 - gsmtp
2018-11-05 01:50:01	SERVER -> CLIENT: 220 smtp.gmail.com ESMTP q76-v6sm79000170pfa.18 - gsmtp
2018-11-05 01:50:01	CLIENT -> SERVER: EHLO z1
2018-11-05 01:50:01	SERVER -> CLIENT: 250-smtp.gmail.com at your service, [118.221.137.114]
                   	                  250-SIZE 35882577
                   	                  250-8BITMIME
                   	                  250-STARTTLS
                   	                  250-ENHANCEDSTATUSCODES
                   	                  250-PIPELINING
                   	                  250-CHUNKING
                   	                  250 SMTPUTF8
2018-11-05 01:50:01	CLIENT -> SERVER: STARTTLS
2018-11-05 01:50:02	SERVER -> CLIENT: 220 2.0.0 Ready to start TLS
2018-11-05 01:50:02	CLIENT -> SERVER: EHLO z1
2018-11-05 01:50:02	SERVER -> CLIENT: 250-smtp.gmail.com at your service, [118.221.137.114]
                   	                  250-SIZE 35882577
                   	                  250-8BITMIME
                   	                  250-AUTH LOGIN PLAIN XOAUTH2 PLAIN-CLIENTTOKEN OAUTHBEARER XOAUTH
                   	                  250-ENHANCEDSTATUSCODES
                   	                  250-PIPELINING
                   	                  250-CHUNKING
                   	                  250 SMTPUTF8
2018-11-05 01:50:02	CLIENT -> SERVER: AUTH LOGIN
2018-11-05 01:50:02	SERVER -> CLIENT: 334 VXNlcm5hbWU6
2018-11-05 01:50:02	CLIENT -> SERVER: <credentials hidden>
2018-11-05 01:50:02	SERVER -> CLIENT: 334 UGFzc3dvcmQ6
2018-11-05 01:50:02	CLIENT -> SERVER: <credentials hidden>
2018-11-05 01:50:03	SERVER -> CLIENT: 235 2.7.0 Accepted
2018-11-05 01:50:03	CLIENT -> SERVER: MAIL FROM:<6ave54street@gmail.com>
2018-11-05 01:50:03	SERVER -> CLIENT: 250 2.1.0 OK q76-v6sm79000170pfa.18 - gsmtp
2018-11-05 01:50:03	CLIENT -> SERVER: RCPT TO:<At54Street@Gmail.com>
2018-11-05 01:50:03	SERVER -> CLIENT: 250 2.1.5 OK q76-v6sm79000170pfa.18 - gsmtp
2018-11-05 01:50:03	CLIENT -> SERVER: RCPT TO:<6ave54street@gmail.com>
2018-11-05 01:50:04	SERVER -> CLIENT: 250 2.1.5 OK q76-v6sm79000170pfa.18 - gsmtp
2018-11-05 01:50:04	CLIENT -> SERVER: RCPT TO:<nice9uy@hotmail.com>
2018-11-05 01:50:04	SERVER -> CLIENT: 250 2.1.5 OK q76-v6sm79000170pfa.18 - gsmtp
2018-11-05 01:50:04	CLIENT -> SERVER: DATA
2018-11-05 01:50:04	SERVER -> CLIENT: 354  Go ahead q76-v6sm79000170pfa.18 - gsmtp
2018-11-05 01:50:04	CLIENT -> SERVER: Date: Mon, 5 Nov 2018 10:50:01 +0900
2018-11-05 01:50:04	CLIENT -> SERVER: To: At54Street@Gmail.com
2018-11-05 01:50:04	CLIENT -> SERVER: From: 6ave54street@gmail.com
2018-11-05 01:50:04	CLIENT -> SERVER: Cc: 6ave54street@gmail.com
2018-11-05 01:50:04	CLIENT -> SERVER: Subject: z1-z1(10:50:01am)
2018-11-05 01:50:04	CLIENT -> SERVER: Message-ID: <Wwym0HwiD9vREqRI8r8PkL6XilK6XlDDHYq2h6voGI@z1>
2018-11-05 01:50:04	CLIENT -> SERVER: X-Mailer: PHPMailer 6.0.5 (https://github.com/PHPMailer/PHPMailer)
2018-11-05 01:50:04	CLIENT -> SERVER: MIME-Version: 1.0
2018-11-05 01:50:04	CLIENT -> SERVER: Content-Type: text/html; charset=UTF-8
2018-11-05 01:50:04	CLIENT -> SERVER: Content-Transfer-Encoding: base64
2018-11-05 01:50:04	CLIENT -> SERVER:
2018-11-05 01:50:04	CLIENT -> SERVER: MTgvMTEvMDUsIDEwOjUwOjAxYW08YnI+PGJyPiAtIHoxIDxicj5lbnhiODI3ZWJiNjljNDQ6IGZs
2018-11-05 01:50:04	CLIENT -> SERVER: YWdzPTQxNjM8VVAsQlJPQURDQVNULFJVTk5JTkcsTVVMVElDQVNUPiAgbXR1IDE1MDA8YnIgLz4K
2018-11-05 01:50:04	CLIENT -> SERVER: ICAgICAgICBpbmV0IDE5Mi4xNjguMzUuMjQ1ICBuZXRtYXNrIDI1NS4yNTUuMjU1LjAgIGJyb2Fk
2018-11-05 01:50:04	CLIENT -> SERVER: Y2FzdCAxOTIuMTY4LjM1LjI1NTxiciAvPgogICAgICAgIGluZXQ2IGZlODA6OjRiM2Y6Mjg2Njph
2018-11-05 01:50:04	CLIENT -> SERVER: ODEzOjk4MjMgIHByZWZpeGxlbiA2NCAgc2NvcGVpZCAweDIwPGxpbms+PGJyIC8+CiAgICAgICAg
2018-11-05 01:50:04	CLIENT -> SERVER: ZXRoZXIgYjg6Mjc6ZWI6YjY6OWM6NDQgIHR4cXVldWVsZW4gMTAwMCAgKEV0aGVybmV0KTxiciAv
2018-11-05 01:50:04	CLIENT -> SERVER: PgogICAgICAgIFJYIHBhY2tldHMgNTc4MzM1ICBieXRlcyAxNDgzMjQxMjcgKDE0MS40IE1pQik8
2018-11-05 01:50:04	CLIENT -> SERVER: YnIgLz4KICAgICAgICBSWCBlcnJvcnMgMCAgZHJvcHBlZCAxMTYyOTYgIG92ZXJydW5zIDAgIGZy
2018-11-05 01:50:04	CLIENT -> SERVER: YW1lIDA8YnIgLz4KICAgICAgICBUWCBwYWNrZXRzIDQxMTgyMCAgYnl0ZXMgODY5NDEzMTYgKDgy
2018-11-05 01:50:04	CLIENT -> SERVER: LjkgTWlCKTxiciAvPgogICAgICAgIFRYIGVycm9ycyAwICBkcm9wcGVkIDAgb3ZlcnJ1bnMgMCAg
2018-11-05 01:50:04	CLIENT -> SERVER: Y2FycmllciAwICBjb2xsaXNpb25zIDA8YnIgLz4KPGJyIC8+CmxvOiBmbGFncz03MzxVUCxMT09Q
2018-11-05 01:50:04	CLIENT -> SERVER: QkFDSyxSVU5OSU5HPiAgbXR1IDY1NTM2PGJyIC8+CiAgICAgICAgaW5ldCAxMjcuMC4wLjEgIG5l
2018-11-05 01:50:04	CLIENT -> SERVER: dG1hc2sgMjU1LjAuMC4wPGJyIC8+CiAgICAgICAgaW5ldDYgOjoxICBwcmVmaXhsZW4gMTI4ICBz
2018-11-05 01:50:04	CLIENT -> SERVER: Y29wZWlkIDB4MTA8aG9zdD48YnIgLz4KICAgICAgICBsb29wICB0eHF1ZXVlbGVuIDEwMDAgIChM
2018-11-05 01:50:04	CLIENT -> SERVER: b2NhbCBMb29wYmFjayk8YnIgLz4KICAgICAgICBSWCBwYWNrZXRzIDEyOTE0NSAgYnl0ZXMgMTAy
2018-11-05 01:50:04	CLIENT -> SERVER: OTg1MzM0ICg5OC4yIE1pQik8YnIgLz4KICAgICAgICBSWCBlcnJvcnMgMCAgZHJvcHBlZCAwICBv
2018-11-05 01:50:04	CLIENT -> SERVER: dmVycnVucyAwICBmcmFtZSAwPGJyIC8+CiAgICAgICAgVFggcGFja2V0cyAxMjkxNDUgIGJ5dGVz
2018-11-05 01:50:04	CLIENT -> SERVER: IDEwMjk4NTMzNCAoOTguMiBNaUIpPGJyIC8+CiAgICAgICAgVFggZXJyb3JzIDAgIGRyb3BwZWQg
2018-11-05 01:50:04	CLIENT -> SERVER: MCBvdmVycnVucyAwICBjYXJyaWVyIDAgIGNvbGxpc2lvbnMgMDxiciAvPgo8YnIgLz4Kd2xhbjA6
2018-11-05 01:50:04	CLIENT -> SERVER: IGZsYWdzPTQwOTk8VVAsQlJPQURDQVNULE1VTFRJQ0FTVD4gIG10dSAxNTAwPGJyIC8+CiAgICAg
2018-11-05 01:50:04	CLIENT -> SERVER: ICAgZXRoZXIgYjg6Mjc6ZWI6ZTM6Yzk6MTEgIHR4cXVldWVsZW4gMTAwMCAgKEV0aGVybmV0KTxi
2018-11-05 01:50:04	CLIENT -> SERVER: ciAvPgogICAgICAgIFJYIHBhY2tldHMgMzUgIGJ5dGVzIDM1MTkgKDMuNCBLaUIpPGJyIC8+CiAg
2018-11-05 01:50:04	CLIENT -> SERVER: ICAgICAgUlggZXJyb3JzIDAgIGRyb3BwZWQgMCAgb3ZlcnJ1bnMgMCAgZnJhbWUgMDxiciAvPgog
2018-11-05 01:50:04	CLIENT -> SERVER: ICAgICAgIFRYIHBhY2tldHMgNDcgIGJ5dGVzIDY4MjMgKDYuNiBLaUIpPGJyIC8+CiAgICAgICAg
2018-11-05 01:50:04	CLIENT -> SERVER: VFggZXJyb3JzIDAgIGRyb3BwZWQgMCBvdmVycnVucyAwICBjYXJyaWVyIDAgIGNvbGxpc2lvbnMg
2018-11-05 01:50:04	CLIENT -> SERVER: MDxiciAvPgo8YnIgLz4K
2018-11-05 01:50:04	CLIENT -> SERVER:
2018-11-05 01:50:04	CLIENT -> SERVER: .
2018-11-05 01:50:06	SERVER -> CLIENT: 250 2.0.0 OK 1541382606 q76-v6sm79000170pfa.18 - gsmtp
2018-11-05 01:50:06	CLIENT -> SERVER: QUIT
2018-11-05 01:50:06	SERVER -> CLIENT: 221 2.0.0 closing connection q76-v6sm79000170pfa.18 - gsmtp
2018-11-05 02:00:04	SERVER -> CLIENT: 220 smtp.gmail.com ESMTP k72-v6sm88173264pfj.63 - gsmtp
2018-11-05 02:00:04	CLIENT -> SERVER: EHLO z1
2018-11-05 02:00:04	SERVER -> CLIENT: 250-smtp.gmail.com at your service, [118.221.137.114]
                   	                  250-SIZE 35882577
                   	                  250-8BITMIME
                   	                  250-STARTTLS
                   	                  250-ENHANCEDSTATUSCODES
                   	                  250-PIPELINING
                   	                  250-CHUNKING
                   	                  250 SMTPUTF8
2018-11-05 02:00:04	CLIENT -> SERVER: STARTTLS
2018-11-05 02:00:05	SERVER -> CLIENT: 220 2.0.0 Ready to start TLS
2018-11-05 02:00:05	CLIENT -> SERVER: EHLO z1
2018-11-05 02:00:05	SERVER -> CLIENT: 250-smtp.gmail.com at your service, [118.221.137.114]
                   	                  250-SIZE 35882577
                   	                  250-8BITMIME
                   	                  250-AUTH LOGIN PLAIN XOAUTH2 PLAIN-CLIENTTOKEN OAUTHBEARER XOAUTH
                   	                  250-ENHANCEDSTATUSCODES
                   	                  250-PIPELINING
                   	                  250-CHUNKING
                   	                  250 SMTPUTF8
2018-11-05 02:00:05	CLIENT -> SERVER: AUTH LOGIN
2018-11-05 02:00:05	SERVER -> CLIENT: 334 VXNlcm5hbWU6
2018-11-05 02:00:05	CLIENT -> SERVER: <credentials hidden>
2018-11-05 02:00:05	SERVER -> CLIENT: 334 UGFzc3dvcmQ6
2018-11-05 02:00:05	CLIENT -> SERVER: <credentials hidden>
2018-11-05 02:00:06	SERVER -> CLIENT: 235 2.7.0 Accepted
2018-11-05 02:00:06	CLIENT -> SERVER: MAIL FROM:<6ave54street@gmail.com>
2018-11-05 02:00:06	SERVER -> CLIENT: 250 2.1.0 OK k72-v6sm88173264pfj.63 - gsmtp
2018-11-05 02:00:06	CLIENT -> SERVER: RCPT TO:<At54Street@Gmail.com>
2018-11-05 02:00:06	SERVER -> CLIENT: 250 2.1.5 OK k72-v6sm88173264pfj.63 - gsmtp
2018-11-05 02:00:06	CLIENT -> SERVER: RCPT TO:<6ave54street@gmail.com>
2018-11-05 02:00:07	SERVER -> CLIENT: 250 2.1.5 OK k72-v6sm88173264pfj.63 - gsmtp
2018-11-05 02:00:07	CLIENT -> SERVER: RCPT TO:<nice9uy@hotmail.com>
2018-11-05 02:00:07	SERVER -> CLIENT: 250 2.1.5 OK k72-v6sm88173264pfj.63 - gsmtp
2018-11-05 02:00:07	CLIENT -> SERVER: DATA
2018-11-05 02:00:07	SERVER -> CLIENT: 354  Go ahead k72-v6sm88173264pfj.63 - gsmtp
2018-11-05 02:00:07	CLIENT -> SERVER: Date: Mon, 5 Nov 2018 11:00:04 +0900
2018-11-05 02:00:07	CLIENT -> SERVER: To: At54Street@Gmail.com
2018-11-05 02:00:07	CLIENT -> SERVER: From: 6ave54street@gmail.com
2018-11-05 02:00:07	CLIENT -> SERVER: Cc: 6ave54street@gmail.com
2018-11-05 02:00:07	CLIENT -> SERVER: Subject: z1-z1(11:00:04am)
2018-11-05 02:00:07	CLIENT -> SERVER: Message-ID: <c6tyVid3n5dyHJ6p6tH3sqxDqQUW1dgNTFtskd8Ho@z1>
2018-11-05 02:00:07	CLIENT -> SERVER: X-Mailer: PHPMailer 6.0.5 (https://github.com/PHPMailer/PHPMailer)
2018-11-05 02:00:07	CLIENT -> SERVER: MIME-Version: 1.0
2018-11-05 02:00:07	CLIENT -> SERVER: Content-Type: text/html; charset=UTF-8
2018-11-05 02:00:07	CLIENT -> SERVER: Content-Transfer-Encoding: base64
2018-11-05 02:00:07	CLIENT -> SERVER:
2018-11-05 02:00:07	CLIENT -> SERVER: MTgvMTEvMDUsIDExOjAwOjA0YW08YnI+PGJyPiAtIHoxIDxicj5lbnhiODI3ZWJiNjljNDQ6IGZs
2018-11-05 02:00:07	CLIENT -> SERVER: YWdzPTQxNjM8VVAsQlJPQURDQVNULFJVTk5JTkcsTVVMVElDQVNUPiAgbXR1IDE1MDA8YnIgLz4K
2018-11-05 02:00:07	CLIENT -> SERVER: ICAgICAgICBpbmV0IDE5Mi4xNjguMzUuMjQ1ICBuZXRtYXNrIDI1NS4yNTUuMjU1LjAgIGJyb2Fk
2018-11-05 02:00:07	CLIENT -> SERVER: Y2FzdCAxOTIuMTY4LjM1LjI1NTxiciAvPgogICAgICAgIGluZXQ2IGZlODA6OjRiM2Y6Mjg2Njph
2018-11-05 02:00:07	CLIENT -> SERVER: ODEzOjk4MjMgIHByZWZpeGxlbiA2NCAgc2NvcGVpZCAweDIwPGxpbms+PGJyIC8+CiAgICAgICAg
2018-11-05 02:00:07	CLIENT -> SERVER: ZXRoZXIgYjg6Mjc6ZWI6YjY6OWM6NDQgIHR4cXVldWVsZW4gMTAwMCAgKEV0aGVybmV0KTxiciAv
2018-11-05 02:00:07	CLIENT -> SERVER: PgogICAgICAgIFJYIHBhY2tldHMgNjI3NjQxICBieXRlcyAyMTE4NTk4MzUgKDIwMi4wIE1pQik8
2018-11-05 02:00:07	CLIENT -> SERVER: YnIgLz4KICAgICAgICBSWCBlcnJvcnMgMCAgZHJvcHBlZCAxMTY2MTIgIG92ZXJydW5zIDAgIGZy
2018-11-05 02:00:07	CLIENT -> SERVER: YW1lIDA8YnIgLz4KICAgICAgICBUWCBwYWNrZXRzIDQyODIxMSAgYnl0ZXMgODg3ODI2MzEgKDg0
2018-11-05 02:00:07	CLIENT -> SERVER: LjYgTWlCKTxiciAvPgogICAgICAgIFRYIGVycm9ycyAwICBkcm9wcGVkIDAgb3ZlcnJ1bnMgMCAg
2018-11-05 02:00:07	CLIENT -> SERVER: Y2FycmllciAwICBjb2xsaXNpb25zIDA8YnIgLz4KPGJyIC8+CmxvOiBmbGFncz03MzxVUCxMT09Q
2018-11-05 02:00:07	CLIENT -> SERVER: QkFDSyxSVU5OSU5HPiAgbXR1IDY1NTM2PGJyIC8+CiAgICAgICAgaW5ldCAxMjcuMC4wLjEgIG5l
2018-11-05 02:00:07	CLIENT -> SERVER: dG1hc2sgMjU1LjAuMC4wPGJyIC8+CiAgICAgICAgaW5ldDYgOjoxICBwcmVmaXhsZW4gMTI4ICBz
2018-11-05 02:00:07	CLIENT -> SERVER: Y29wZWlkIDB4MTA8aG9zdD48YnIgLz4KICAgICAgICBsb29wICB0eHF1ZXVlbGVuIDEwMDAgIChM
2018-11-05 02:00:07	CLIENT -> SERVER: b2NhbCBMb29wYmFjayk8YnIgLz4KICAgICAgICBSWCBwYWNrZXRzIDEyOTI0NyAgYnl0ZXMgMTAz
2018-11-05 02:00:07	CLIENT -> SERVER: MDA5NDY2ICg5OC4yIE1pQik8YnIgLz4KICAgICAgICBSWCBlcnJvcnMgMCAgZHJvcHBlZCAwICBv
2018-11-05 02:00:07	CLIENT -> SERVER: dmVycnVucyAwICBmcmFtZSAwPGJyIC8+CiAgICAgICAgVFggcGFja2V0cyAxMjkyNDcgIGJ5dGVz
2018-11-05 02:00:07	CLIENT -> SERVER: IDEwMzAwOTQ2NiAoOTguMiBNaUIpPGJyIC8+CiAgICAgICAgVFggZXJyb3JzIDAgIGRyb3BwZWQg
2018-11-05 02:00:07	CLIENT -> SERVER: MCBvdmVycnVucyAwICBjYXJyaWVyIDAgIGNvbGxpc2lvbnMgMDxiciAvPgo8YnIgLz4Kd2xhbjA6
2018-11-05 02:00:07	CLIENT -> SERVER: IGZsYWdzPTQwOTk8VVAsQlJPQURDQVNULE1VTFRJQ0FTVD4gIG10dSAxNTAwPGJyIC8+CiAgICAg
2018-11-05 02:00:07	CLIENT -> SERVER: ICAgZXRoZXIgYjg6Mjc6ZWI6ZTM6Yzk6MTEgIHR4cXVldWVsZW4gMTAwMCAgKEV0aGVybmV0KTxi
2018-11-05 02:00:07	CLIENT -> SERVER: ciAvPgogICAgICAgIFJYIHBhY2tldHMgMzUgIGJ5dGVzIDM1MTkgKDMuNCBLaUIpPGJyIC8+CiAg
2018-11-05 02:00:07	CLIENT -> SERVER: ICAgICAgUlggZXJyb3JzIDAgIGRyb3BwZWQgMCAgb3ZlcnJ1bnMgMCAgZnJhbWUgMDxiciAvPgog
2018-11-05 02:00:07	CLIENT -> SERVER: ICAgICAgIFRYIHBhY2tldHMgNDcgIGJ5dGVzIDY4MjMgKDYuNiBLaUIpPGJyIC8+CiAgICAgICAg
2018-11-05 02:00:07	CLIENT -> SERVER: VFggZXJyb3JzIDAgIGRyb3BwZWQgMCBvdmVycnVucyAwICBjYXJyaWVyIDAgIGNvbGxpc2lvbnMg
2018-11-05 02:00:07	CLIENT -> SERVER: MDxiciAvPgo8YnIgLz4K
2018-11-05 02:00:07	CLIENT -> SERVER:
2018-11-05 02:00:07	CLIENT -> SERVER: .
2018-11-05 02:00:08	SERVER -> CLIENT: 250 2.0.0 OK 1541383208 k72-v6sm88173264pfj.63 - gsmtp
2018-11-05 02:00:08	CLIENT -> SERVER: QUIT
2018-11-05 02:00:09	SERVER -> CLIENT: 221 2.0.0 closing connection k72-v6sm88173264pfj.63 - gsmtp
